<?xml version="1.0" encoding="UTF-8"?>
<!-- Generated by org.testng.reporters.JUnitReportReporter -->
<testsuite skipped="15" hostname="user" name="test.HomePageTest" tests="55" failures="3" timestamp="2022-06-18T20:28:14 IST" time="321.226" errors="2">
  <testcase name="Validate_navigating_from_Home_Page_from_cut_ups_Chicken_page" time="14.500" classname="test.HomePageTest"/>
  <system-out/>
  <testcase name="Validate_navigating_from_Home_Page_from_All_Products_page" time="9.349" classname="test.HomePageTest"/>
  <system-out/>
  <testcase name="Validate_navigating_from_Home_Page_from_SHOP_BY_CATEGORY_SHOP_CHICKEN_page" time="3.588" classname="test.HomePageTest"/>
  <system-out/>
  <testcase name="Verify_in_Home_Page_Product_is_Display_Chicken_Drumstick" time="6.451" classname="test.HomePageTest"/>
  <system-out/>
  <testcase name="Validate_navigating_from_Home_Page_from_Quick_links_Prok_page" time="3.183" classname="test.HomePageTest"/>
  <system-out/>
  <testcase name="Validate_navigating_from_Home_Page_from_Quick_links_FREQUENTLY_ASKED_QUESTIONS_page" time="4.892" classname="test.HomePageTest"/>
  <system-out/>
  <testcase name="Verify_in_Home_Page_Image_Bounty_Fresh_Reseller" time="2.194" classname="test.HomePageTest"/>
  <system-out/>
  <testcase name="Validate_navigating_from_Home_Page_from_Quick_links_Ready_to_Cook_page" time="3.549" classname="test.HomePageTest"/>
  <system-out/>
  <testcase name="Validate_navigating_from_Home_Page_from_Quick_links_Privacy_Policy_page" time="4.873" classname="test.HomePageTest"/>
  <system-out/>
  <testcase name="Verify_in_Home_Page_lable_Featured_Products" time="1.683" classname="test.HomePageTest">
    <skipped/>
  </testcase> <!-- Verify_in_Home_Page_lable_Featured_Products -->
  <system-out/>
  <testcase name="Validate_navigating_from_Home_Page_from_SHOP_BY_CATEGORY_SHOP_PORK_page" time="3.625" classname="test.HomePageTest"/>
  <system-out/>
  <testcase name="Validate_navigating_from_Home_Page_from_prok_page" time="4.255" classname="test.HomePageTest"/>
  <system-out/>
  <testcase name="Validate_navigating_from_Home_Page_from_Quick_links_BECOME_A_RESELLER_UPDATED_page" time="3.283" classname="test.HomePageTest">
    <failure type="java.lang.AssertionError" message="expected [true] but found [false]">
      <![CDATA[java.lang.AssertionError: expected [true] but found [false]
at org.testng.Assert.fail(Assert.java:99)
at org.testng.Assert.failNotEquals(Assert.java:1037)
at org.testng.Assert.assertTrue(Assert.java:45)
at org.testng.Assert.assertTrue(Assert.java:55)
at test.HomePageTest.Validate_navigating_from_Home_Page_from_Quick_links_BECOME_A_RESELLER_UPDATED_page(HomePageTest.java:431)
at sun.reflect.NativeMethodAccessorImpl.invoke0(Native Method)
at sun.reflect.NativeMethodAccessorImpl.invoke(Unknown Source)
at sun.reflect.DelegatingMethodAccessorImpl.invoke(Unknown Source)
at java.lang.reflect.Method.invoke(Unknown Source)
at org.testng.internal.MethodInvocationHelper.invokeMethod(MethodInvocationHelper.java:133)
at org.testng.internal.TestInvoker.invokeMethod(TestInvoker.java:598)
at org.testng.internal.TestInvoker.retryFailed(TestInvoker.java:213)
at org.testng.internal.MethodRunner.runInSequence(MethodRunner.java:58)
at org.testng.internal.TestInvoker$MethodInvocationAgent.invoke(TestInvoker.java:824)
at org.testng.internal.TestInvoker.invokeTestMethods(TestInvoker.java:146)
at org.testng.internal.TestMethodWorker.invokeTestMethods(TestMethodWorker.java:146)
at org.testng.internal.TestMethodWorker.run(TestMethodWorker.java:128)
at java.util.ArrayList.forEach(Unknown Source)
at org.testng.TestRunner.privateRun(TestRunner.java:794)
at org.testng.TestRunner.run(TestRunner.java:596)
at org.testng.SuiteRunner.runTest(SuiteRunner.java:377)
at org.testng.SuiteRunner.runSequentially(SuiteRunner.java:371)
at org.testng.SuiteRunner.privateRun(SuiteRunner.java:332)
at org.testng.SuiteRunner.run(SuiteRunner.java:276)
at org.testng.SuiteRunnerWorker.runSuite(SuiteRunnerWorker.java:53)
at org.testng.SuiteRunnerWorker.run(SuiteRunnerWorker.java:96)
at org.testng.TestNG.runSuitesSequentially(TestNG.java:1212)
at org.testng.TestNG.runSuitesLocally(TestNG.java:1134)
at org.testng.TestNG.runSuites(TestNG.java:1063)
at org.testng.TestNG.run(TestNG.java:1031)
at org.testng.remote.AbstractRemoteTestNG.run(AbstractRemoteTestNG.java:115)
at org.testng.remote.RemoteTestNG.initAndRun(RemoteTestNG.java:251)
at org.testng.remote.RemoteTestNG.main(RemoteTestNG.java:77)
]]>
    </failure>
  </testcase> <!-- Validate_navigating_from_Home_Page_from_Quick_links_BECOME_A_RESELLER_UPDATED_page -->
  <system-out/>
  <testcase name="Validate_navigating_from_Home_Page_from_Quick_links_BECOME_A_RESELLER_UPDATED_page" time="3.177" classname="test.HomePageTest">
    <skipped/>
  </testcase> <!-- Validate_navigating_from_Home_Page_from_Quick_links_BECOME_A_RESELLER_UPDATED_page -->
  <system-out/>
  <testcase name="Validate_navigating_from_Home_Page_from_Marinated_Chicken_page" time="14.224" classname="test.HomePageTest"/>
  <system-out/>
  <testcase name="Validate_navigating_from_Home_Page_from_Quick_links_BECOME_A_RESELLER_UPDATED_page" time="3.348" classname="test.HomePageTest">
    <skipped/>
  </testcase> <!-- Validate_navigating_from_Home_Page_from_Quick_links_BECOME_A_RESELLER_UPDATED_page -->
  <system-out/>
  <testcase name="Verify_in_Home_Page_Product_is_Display_Chicken_Thigh_Fillet_Skinless" time="2.152" classname="test.HomePageTest"/>
  <system-out/>
  <testcase name="Verify_in_Home_Page_Product_is_Display_Chicken_Breast_Fillet_Skinless" time="1.598" classname="test.HomePageTest"/>
  <system-out/>
  <testcase name="Verify_in_Home_Page_lable_Featured_Products" time="1.646" classname="test.HomePageTest">
    <skipped/>
  </testcase> <!-- Verify_in_Home_Page_lable_Featured_Products -->
  <system-out/>
  <testcase name="Verify_in_Home_Page_lable_BECOME_A_RESELLER" time="1.820" classname="test.HomePageTest">
    <failure type="java.lang.AssertionError" message="expected [true] but found [false]">
      <![CDATA[java.lang.AssertionError: expected [true] but found [false]
at org.testng.Assert.fail(Assert.java:99)
at org.testng.Assert.failNotEquals(Assert.java:1037)
at org.testng.Assert.assertTrue(Assert.java:45)
at org.testng.Assert.assertTrue(Assert.java:55)
at test.HomePageTest.Verify_in_Home_Page_lable_BECOME_A_RESELLER(HomePageTest.java:184)
at sun.reflect.NativeMethodAccessorImpl.invoke0(Native Method)
at sun.reflect.NativeMethodAccessorImpl.invoke(Unknown Source)
at sun.reflect.DelegatingMethodAccessorImpl.invoke(Unknown Source)
at java.lang.reflect.Method.invoke(Unknown Source)
at org.testng.internal.MethodInvocationHelper.invokeMethod(MethodInvocationHelper.java:133)
at org.testng.internal.TestInvoker.invokeMethod(TestInvoker.java:598)
at org.testng.internal.TestInvoker.retryFailed(TestInvoker.java:213)
at org.testng.internal.MethodRunner.runInSequence(MethodRunner.java:58)
at org.testng.internal.TestInvoker$MethodInvocationAgent.invoke(TestInvoker.java:824)
at org.testng.internal.TestInvoker.invokeTestMethods(TestInvoker.java:146)
at org.testng.internal.TestMethodWorker.invokeTestMethods(TestMethodWorker.java:146)
at org.testng.internal.TestMethodWorker.run(TestMethodWorker.java:128)
at java.util.ArrayList.forEach(Unknown Source)
at org.testng.TestRunner.privateRun(TestRunner.java:794)
at org.testng.TestRunner.run(TestRunner.java:596)
at org.testng.SuiteRunner.runTest(SuiteRunner.java:377)
at org.testng.SuiteRunner.runSequentially(SuiteRunner.java:371)
at org.testng.SuiteRunner.privateRun(SuiteRunner.java:332)
at org.testng.SuiteRunner.run(SuiteRunner.java:276)
at org.testng.SuiteRunnerWorker.runSuite(SuiteRunnerWorker.java:53)
at org.testng.SuiteRunnerWorker.run(SuiteRunnerWorker.java:96)
at org.testng.TestNG.runSuitesSequentially(TestNG.java:1212)
at org.testng.TestNG.runSuitesLocally(TestNG.java:1134)
at org.testng.TestNG.runSuites(TestNG.java:1063)
at org.testng.TestNG.run(TestNG.java:1031)
at org.testng.remote.AbstractRemoteTestNG.run(AbstractRemoteTestNG.java:115)
at org.testng.remote.RemoteTestNG.initAndRun(RemoteTestNG.java:251)
at org.testng.remote.RemoteTestNG.main(RemoteTestNG.java:77)
]]>
    </failure>
  </testcase> <!-- Verify_in_Home_Page_lable_BECOME_A_RESELLER -->
  <system-out/>
  <testcase name="Validate_navigating_from_Home_Page_from_READY_TO_COOK_page" time="4.082" classname="test.HomePageTest"/>
  <system-out/>
  <testcase name="Verify_in_Home_Page_lable_Quick_links" time="11.356" classname="test.HomePageTest">
    <error type="org.openqa.selenium.NoSuchElementException" message="no such element: Unable to locate element: {&quot;method&quot;:&quot;xpath&quot;,&quot;selector&quot;:&quot;//h2[text()=&#039;Quick links&#039;]&quot;}
  (Session info: chrome=102.0.5005.115)
For documentation on this error, please visit: https://selenium.dev/exceptions/#no_such_element
Build info: version: &#039;4.1.0&#039;, revision: &#039;87802e897b&#039;
System info: host: &#039;USER&#039;, ip: &#039;192.168.1.6&#039;, os.name: &#039;Windows 8.1&#039;, os.arch: &#039;amd64&#039;, os.version: &#039;6.3&#039;, java.version: &#039;1.8.0_331&#039;
Driver info: org.openqa.selenium.chrome.ChromeDriver
Command: [1111398798fe969ad7e5142c35ea69eb, findElement {using=xpath, value=//h2[text()=&#039;Quick links&#039;]}]
Capabilities {acceptInsecureCerts: false, browserName: chrome, browserVersion: 102.0.5005.115, chrome: {chromedriverVersion: 102.0.5005.61 (0e59bcc00cc4..., userDataDir: C:\Users\asus\AppData\Local...}, goog:chromeOptions: {debuggerAddress: localhost:63384}, javascriptEnabled: true, networkConnectionEnabled: false, pageLoadStrategy: normal, platform: WINDOWS, platformName: WINDOWS, proxy: Proxy(), se:cdp: ws://localhost:63384/devtoo..., se:cdpVersion: 102.0.5005.115, setWindowRect: true, strictFileInteractability: false, timeouts: {implicit: 0, pageLoad: 300000, script: 30000}, unhandledPromptBehavior: dismiss and notify, webauthn:extension:credBlob: true, webauthn:extension:largeBlob: true, webauthn:virtualAuthenticators: true}
Session ID: 1111398798fe969ad7e5142c35ea69eb">
      <![CDATA[org.openqa.selenium.NoSuchElementException: no such element: Unable to locate element: {"method":"xpath","selector":"//h2[text()='Quick links']"}
  (Session info: chrome=102.0.5005.115)
For documentation on this error, please visit: https://selenium.dev/exceptions/#no_such_element
Build info: version: '4.1.0', revision: '87802e897b'
System info: host: 'USER', ip: '192.168.1.6', os.name: 'Windows 8.1', os.arch: 'amd64', os.version: '6.3', java.version: '1.8.0_331'
Driver info: org.openqa.selenium.chrome.ChromeDriver
Command: [1111398798fe969ad7e5142c35ea69eb, findElement {using=xpath, value=//h2[text()='Quick links']}]
Capabilities {acceptInsecureCerts: false, browserName: chrome, browserVersion: 102.0.5005.115, chrome: {chromedriverVersion: 102.0.5005.61 (0e59bcc00cc4..., userDataDir: C:\Users\asus\AppData\Local...}, goog:chromeOptions: {debuggerAddress: localhost:63384}, javascriptEnabled: true, networkConnectionEnabled: false, pageLoadStrategy: normal, platform: WINDOWS, platformName: WINDOWS, proxy: Proxy(), se:cdp: ws://localhost:63384/devtoo..., se:cdpVersion: 102.0.5005.115, setWindowRect: true, strictFileInteractability: false, timeouts: {implicit: 0, pageLoad: 300000, script: 30000}, unhandledPromptBehavior: dismiss and notify, webauthn:extension:credBlob: true, webauthn:extension:largeBlob: true, webauthn:virtualAuthenticators: true}
Session ID: 1111398798fe969ad7e5142c35ea69eb
at sun.reflect.NativeConstructorAccessorImpl.newInstance0(Native Method)
at sun.reflect.NativeConstructorAccessorImpl.newInstance(Unknown Source)
at sun.reflect.DelegatingConstructorAccessorImpl.newInstance(Unknown Source)
at java.lang.reflect.Constructor.newInstance(Unknown Source)
at org.openqa.selenium.remote.codec.w3c.W3CHttpResponseCodec.createException(W3CHttpResponseCodec.java:200)
at org.openqa.selenium.remote.codec.w3c.W3CHttpResponseCodec.decode(W3CHttpResponseCodec.java:133)
at org.openqa.selenium.remote.codec.w3c.W3CHttpResponseCodec.decode(W3CHttpResponseCodec.java:53)
at org.openqa.selenium.remote.HttpCommandExecutor.execute(HttpCommandExecutor.java:184)
at org.openqa.selenium.remote.service.DriverCommandExecutor.invokeExecute(DriverCommandExecutor.java:164)
at org.openqa.selenium.remote.service.DriverCommandExecutor.execute(DriverCommandExecutor.java:139)
at org.openqa.selenium.remote.RemoteWebDriver.execute(RemoteWebDriver.java:559)
at org.openqa.selenium.remote.ElementLocation$ElementFinder$2.findElement(ElementLocation.java:162)
at org.openqa.selenium.remote.ElementLocation.findElement(ElementLocation.java:60)
at org.openqa.selenium.remote.RemoteWebDriver.findElement(RemoteWebDriver.java:383)
at org.openqa.selenium.remote.RemoteWebDriver.findElement(RemoteWebDriver.java:375)
at org.openqa.selenium.support.pagefactory.DefaultElementLocator.findElement(DefaultElementLocator.java:70)
at org.openqa.selenium.support.pagefactory.internal.LocatingElementHandler.invoke(LocatingElementHandler.java:39)
at com.sun.proxy.$Proxy17.getText(Unknown Source)
at test.HomePageTest.Verify_in_Home_Page_lable_Quick_links(HomePageTest.java:337)
at sun.reflect.NativeMethodAccessorImpl.invoke0(Native Method)
at sun.reflect.NativeMethodAccessorImpl.invoke(Unknown Source)
at sun.reflect.DelegatingMethodAccessorImpl.invoke(Unknown Source)
at java.lang.reflect.Method.invoke(Unknown Source)
at org.testng.internal.MethodInvocationHelper.invokeMethod(MethodInvocationHelper.java:133)
at org.testng.internal.TestInvoker.invokeMethod(TestInvoker.java:598)
at org.testng.internal.TestInvoker.retryFailed(TestInvoker.java:213)
at org.testng.internal.MethodRunner.runInSequence(MethodRunner.java:58)
at org.testng.internal.TestInvoker$MethodInvocationAgent.invoke(TestInvoker.java:824)
at org.testng.internal.TestInvoker.invokeTestMethods(TestInvoker.java:146)
at org.testng.internal.TestMethodWorker.invokeTestMethods(TestMethodWorker.java:146)
at org.testng.internal.TestMethodWorker.run(TestMethodWorker.java:128)
at java.util.ArrayList.forEach(Unknown Source)
at org.testng.TestRunner.privateRun(TestRunner.java:794)
at org.testng.TestRunner.run(TestRunner.java:596)
at org.testng.SuiteRunner.runTest(SuiteRunner.java:377)
at org.testng.SuiteRunner.runSequentially(SuiteRunner.java:371)
at org.testng.SuiteRunner.privateRun(SuiteRunner.java:332)
at org.testng.SuiteRunner.run(SuiteRunner.java:276)
at org.testng.SuiteRunnerWorker.runSuite(SuiteRunnerWorker.java:53)
at org.testng.SuiteRunnerWorker.run(SuiteRunnerWorker.java:96)
at org.testng.TestNG.runSuitesSequentially(TestNG.java:1212)
at org.testng.TestNG.runSuitesLocally(TestNG.java:1134)
at org.testng.TestNG.runSuites(TestNG.java:1063)
at org.testng.TestNG.run(TestNG.java:1031)
at org.testng.remote.AbstractRemoteTestNG.run(AbstractRemoteTestNG.java:115)
at org.testng.remote.RemoteTestNG.initAndRun(RemoteTestNG.java:251)
at org.testng.remote.RemoteTestNG.main(RemoteTestNG.java:77)
]]>
    </error>
  </testcase> <!-- Verify_in_Home_Page_lable_Quick_links -->
  <system-out/>
  <testcase name="Validate_navigating_from_Home_Page_from_Easy_Recipes_page" time="6.096" classname="test.HomePageTest"/>
  <system-out/>
  <testcase name="Validate_navigating_from_Home_Page_from_FREQUENTLY_ASKED_QUESTIONS_Page" time="3.904" classname="test.HomePageTest"/>
  <system-out/>
  <testcase name="Validate_navigating_from_Home_Page_from_Bounty_Fresh_Honey_BUY_NOW_page" time="3.916" classname="test.HomePageTest"/>
  <system-out/>
  <testcase name="Verify_in_Home_Page_Product_is_Display_Chicken_Thigh" time="1.542" classname="test.HomePageTest"/>
  <system-out/>
  <testcase name="Validate_navigating_from_Home_Page_from_Quick_links_BECOME_A_RESELLER_UPDATED_page" time="3.008" classname="test.HomePageTest">
    <skipped/>
  </testcase> <!-- Validate_navigating_from_Home_Page_from_Quick_links_BECOME_A_RESELLER_UPDATED_page -->
  <system-out/>
  <testcase name="Verify_in_Home_Page_lable_Quick_links" time="11.572" classname="test.HomePageTest">
    <skipped/>
  </testcase> <!-- Verify_in_Home_Page_lable_Quick_links -->
  <system-out/>
  <testcase name="Verify_in_Home_Page_lable_BECOME_A_RESELLER" time="2.493" classname="test.HomePageTest">
    <skipped/>
  </testcase> <!-- Verify_in_Home_Page_lable_BECOME_A_RESELLER -->
  <system-out/>
  <testcase name="Verify_in_Home_Page_lable_Bounty_Fresh_Honey" time="2.228" classname="test.HomePageTest"/>
  <system-out/>
  <testcase name="Verify_in_Home_Page_lable_Quick_links" time="11.798" classname="test.HomePageTest">
    <skipped/>
  </testcase> <!-- Verify_in_Home_Page_lable_Quick_links -->
  <system-out/>
  <testcase name="Verify_in_Home_Page_Product_is_Display_Chicken_Breast" time="1.951" classname="test.HomePageTest"/>
  <system-out/>
  <testcase name="Validate_navigating_from_Home_Page_from_Quick_links_Beef_Page" time="3.142" classname="test.HomePageTest"/>
  <system-out/>
  <testcase name="Verify_in_Home_Page_Product_is_Display_Chicken_Leg_Quarter" time="1.781" classname="test.HomePageTest"/>
  <system-out/>
  <testcase name="Verify_in_Home_Page_lable_SHOP_BY_CATEGORY" time="9.795" classname="test.HomePageTest"/>
  <system-out/>
  <testcase name="Verify_in_Home_Page_lable_Featured_Products" time="1.494" classname="test.HomePageTest">
    <failure type="java.lang.AssertionError" message="expected [true] but found [false]">
      <![CDATA[java.lang.AssertionError: expected [true] but found [false]
at org.testng.Assert.fail(Assert.java:99)
at org.testng.Assert.failNotEquals(Assert.java:1037)
at org.testng.Assert.assertTrue(Assert.java:45)
at org.testng.Assert.assertTrue(Assert.java:55)
at test.HomePageTest.Verify_in_Home_Page_lable_Featured_Products(HomePageTest.java:206)
at sun.reflect.NativeMethodAccessorImpl.invoke0(Native Method)
at sun.reflect.NativeMethodAccessorImpl.invoke(Unknown Source)
at sun.reflect.DelegatingMethodAccessorImpl.invoke(Unknown Source)
at java.lang.reflect.Method.invoke(Unknown Source)
at org.testng.internal.MethodInvocationHelper.invokeMethod(MethodInvocationHelper.java:133)
at org.testng.internal.TestInvoker.invokeMethod(TestInvoker.java:598)
at org.testng.internal.TestInvoker.retryFailed(TestInvoker.java:213)
at org.testng.internal.MethodRunner.runInSequence(MethodRunner.java:58)
at org.testng.internal.TestInvoker$MethodInvocationAgent.invoke(TestInvoker.java:824)
at org.testng.internal.TestInvoker.invokeTestMethods(TestInvoker.java:146)
at org.testng.internal.TestMethodWorker.invokeTestMethods(TestMethodWorker.java:146)
at org.testng.internal.TestMethodWorker.run(TestMethodWorker.java:128)
at java.util.ArrayList.forEach(Unknown Source)
at org.testng.TestRunner.privateRun(TestRunner.java:794)
at org.testng.TestRunner.run(TestRunner.java:596)
at org.testng.SuiteRunner.runTest(SuiteRunner.java:377)
at org.testng.SuiteRunner.runSequentially(SuiteRunner.java:371)
at org.testng.SuiteRunner.privateRun(SuiteRunner.java:332)
at org.testng.SuiteRunner.run(SuiteRunner.java:276)
at org.testng.SuiteRunnerWorker.runSuite(SuiteRunnerWorker.java:53)
at org.testng.SuiteRunnerWorker.run(SuiteRunnerWorker.java:96)
at org.testng.TestNG.runSuitesSequentially(TestNG.java:1212)
at org.testng.TestNG.runSuitesLocally(TestNG.java:1134)
at org.testng.TestNG.runSuites(TestNG.java:1063)
at org.testng.TestNG.run(TestNG.java:1031)
at org.testng.remote.AbstractRemoteTestNG.run(AbstractRemoteTestNG.java:115)
at org.testng.remote.RemoteTestNG.initAndRun(RemoteTestNG.java:251)
at org.testng.remote.RemoteTestNG.main(RemoteTestNG.java:77)
]]>
    </failure>
  </testcase> <!-- Verify_in_Home_Page_lable_Featured_Products -->
  <system-out/>
  <testcase name="Validate_navigating_from_Home_Page_from_Quick_links_Chicken_page" time="4.056" classname="test.HomePageTest"/>
  <system-out/>
  <testcase name="Verify_in_Home_Page_lable_BECOME_A_RESELLER" time="2.854" classname="test.HomePageTest">
    <skipped/>
  </testcase> <!-- Verify_in_Home_Page_lable_BECOME_A_RESELLER -->
  <system-out/>
  <testcase name="Validate_navigating_from_Home_Page_from_Marinated_Pork_page" time="14.784" classname="test.HomePageTest"/>
  <system-out/>
  <testcase name="Validate_navigating_from_Home_Page_from_Quick_links_All_Products_page" time="4.509" classname="test.HomePageTest"/>
  <system-out/>
  <testcase name="Validate_navigating_from_Home_Page_from_Whole_Chicken_page" time="13.495" classname="test.HomePageTest"/>
  <system-out/>
  <testcase name="Validate_navigating_from_Home_Page_from_Ready_to_Cook" time="3.310" classname="test.HomePageTest"/>
  <system-out/>
  <testcase name="Verify_in_Home_Page_lable_Quick_links" time="11.814" classname="test.HomePageTest">
    <skipped/>
  </testcase> <!-- Verify_in_Home_Page_lable_Quick_links -->
  <system-out/>
  <testcase name="Validate_navigating_from_Home_Page_from_BECOME_A_RESELLER_UPDATED_Page" time="4.809" classname="test.HomePageTest"/>
  <system-out/>
  <testcase name="Validate_navigating_from_Home_Page_from_Beef" time="6.805" classname="test.HomePageTest"/>
  <system-out/>
  <testcase name="Verify_in_Home_Page_lable_BECOME_A_RESELLER" time="1.959" classname="test.HomePageTest">
    <skipped/>
  </testcase> <!-- Verify_in_Home_Page_lable_BECOME_A_RESELLER -->
  <system-out/>
  <testcase name="Verify_in_Home_Page_lable_Featured_Products" time="1.667" classname="test.HomePageTest">
    <skipped/>
  </testcase> <!-- Verify_in_Home_Page_lable_Featured_Products -->
  <system-out/>
  <testcase name="Validate_navigating_from_Home_Page_from_Breaded_Chicken_page" time="14.949" classname="test.HomePageTest"/>
  <system-out/>
  <testcase name="Validate_navigating_from_Home_Page_from_Quick_links_Produce_page" time="3.331" classname="test.HomePageTest"/>
  <system-out/>
  <testcase name="Validate_navigating_from_Home_Page_from_Produce" time="4.537" classname="test.HomePageTest"/>
  <system-out/>
  <testcase name="Validate_navigating_from_Home_Page_from_Quick_links_Easy_Recipes_page" time="5.344" classname="test.HomePageTest"/>
  <system-out/>
  <testcase name="Validate_navigating_from_Home_Page_from_Create_your_online_store_today_with_Shopify_page" time="2.155" classname="test.HomePageTest">
    <skipped/>
  </testcase> <!-- Validate_navigating_from_Home_Page_from_Create_your_online_store_today_with_Shopify_page -->
  <system-out/>
  <testcase name="Validate_navigating_from_Home_Page_from_Create_your_online_store_today_with_Shopify_page" time="14.055" classname="test.HomePageTest">
    <error type="org.openqa.selenium.NoSuchElementException" message="no such element: Unable to locate element: {&quot;method&quot;:&quot;xpath&quot;,&quot;selector&quot;:&quot;(//a[contains(text(),&#039;Powered by Shopify&#039;)])[1]&quot;}
  (Session info: chrome=102.0.5005.115)
For documentation on this error, please visit: https://selenium.dev/exceptions/#no_such_element
Build info: version: &#039;4.1.0&#039;, revision: &#039;87802e897b&#039;
System info: host: &#039;USER&#039;, ip: &#039;192.168.1.6&#039;, os.name: &#039;Windows 8.1&#039;, os.arch: &#039;amd64&#039;, os.version: &#039;6.3&#039;, java.version: &#039;1.8.0_331&#039;
Driver info: org.openqa.selenium.chrome.ChromeDriver
Command: [1111398798fe969ad7e5142c35ea69eb, findElement {using=xpath, value=(//a[contains(text(),&#039;Powered by Shopify&#039;)])[1]}]
Capabilities {acceptInsecureCerts: false, browserName: chrome, browserVersion: 102.0.5005.115, chrome: {chromedriverVersion: 102.0.5005.61 (0e59bcc00cc4..., userDataDir: C:\Users\asus\AppData\Local...}, goog:chromeOptions: {debuggerAddress: localhost:63384}, javascriptEnabled: true, networkConnectionEnabled: false, pageLoadStrategy: normal, platform: WINDOWS, platformName: WINDOWS, proxy: Proxy(), se:cdp: ws://localhost:63384/devtoo..., se:cdpVersion: 102.0.5005.115, setWindowRect: true, strictFileInteractability: false, timeouts: {implicit: 0, pageLoad: 300000, script: 30000}, unhandledPromptBehavior: dismiss and notify, webauthn:extension:credBlob: true, webauthn:extension:largeBlob: true, webauthn:virtualAuthenticators: true}
Session ID: 1111398798fe969ad7e5142c35ea69eb">
      <![CDATA[org.openqa.selenium.NoSuchElementException: no such element: Unable to locate element: {"method":"xpath","selector":"(//a[contains(text(),'Powered by Shopify')])[1]"}
  (Session info: chrome=102.0.5005.115)
For documentation on this error, please visit: https://selenium.dev/exceptions/#no_such_element
Build info: version: '4.1.0', revision: '87802e897b'
System info: host: 'USER', ip: '192.168.1.6', os.name: 'Windows 8.1', os.arch: 'amd64', os.version: '6.3', java.version: '1.8.0_331'
Driver info: org.openqa.selenium.chrome.ChromeDriver
Command: [1111398798fe969ad7e5142c35ea69eb, findElement {using=xpath, value=(//a[contains(text(),'Powered by Shopify')])[1]}]
Capabilities {acceptInsecureCerts: false, browserName: chrome, browserVersion: 102.0.5005.115, chrome: {chromedriverVersion: 102.0.5005.61 (0e59bcc00cc4..., userDataDir: C:\Users\asus\AppData\Local...}, goog:chromeOptions: {debuggerAddress: localhost:63384}, javascriptEnabled: true, networkConnectionEnabled: false, pageLoadStrategy: normal, platform: WINDOWS, platformName: WINDOWS, proxy: Proxy(), se:cdp: ws://localhost:63384/devtoo..., se:cdpVersion: 102.0.5005.115, setWindowRect: true, strictFileInteractability: false, timeouts: {implicit: 0, pageLoad: 300000, script: 30000}, unhandledPromptBehavior: dismiss and notify, webauthn:extension:credBlob: true, webauthn:extension:largeBlob: true, webauthn:virtualAuthenticators: true}
Session ID: 1111398798fe969ad7e5142c35ea69eb
at sun.reflect.NativeConstructorAccessorImpl.newInstance0(Native Method)
at sun.reflect.NativeConstructorAccessorImpl.newInstance(Unknown Source)
at sun.reflect.DelegatingConstructorAccessorImpl.newInstance(Unknown Source)
at java.lang.reflect.Constructor.newInstance(Unknown Source)
at org.openqa.selenium.remote.codec.w3c.W3CHttpResponseCodec.createException(W3CHttpResponseCodec.java:200)
at org.openqa.selenium.remote.codec.w3c.W3CHttpResponseCodec.decode(W3CHttpResponseCodec.java:133)
at org.openqa.selenium.remote.codec.w3c.W3CHttpResponseCodec.decode(W3CHttpResponseCodec.java:53)
at org.openqa.selenium.remote.HttpCommandExecutor.execute(HttpCommandExecutor.java:184)
at org.openqa.selenium.remote.service.DriverCommandExecutor.invokeExecute(DriverCommandExecutor.java:164)
at org.openqa.selenium.remote.service.DriverCommandExecutor.execute(DriverCommandExecutor.java:139)
at org.openqa.selenium.remote.RemoteWebDriver.execute(RemoteWebDriver.java:559)
at org.openqa.selenium.remote.ElementLocation$ElementFinder$2.findElement(ElementLocation.java:162)
at org.openqa.selenium.remote.ElementLocation.findElement(ElementLocation.java:60)
at org.openqa.selenium.remote.RemoteWebDriver.findElement(RemoteWebDriver.java:383)
at org.openqa.selenium.remote.RemoteWebDriver.findElement(RemoteWebDriver.java:375)
at org.openqa.selenium.support.pagefactory.DefaultElementLocator.findElement(DefaultElementLocator.java:70)
at org.openqa.selenium.support.pagefactory.internal.LocatingElementHandler.invoke(LocatingElementHandler.java:39)
at com.sun.proxy.$Proxy17.getWrappedElement(Unknown Source)
at org.openqa.selenium.remote.internal.WebElementToJsonConverter.apply(WebElementToJsonConverter.java:51)
at java.util.stream.ReferencePipeline$3$1.accept(Unknown Source)
at java.util.Spliterators$ArraySpliterator.forEachRemaining(Unknown Source)
at java.util.stream.AbstractPipeline.copyInto(Unknown Source)
at java.util.stream.AbstractPipeline.wrapAndCopyInto(Unknown Source)
at java.util.stream.ReduceOps$ReduceOp.evaluateSequential(Unknown Source)
at java.util.stream.AbstractPipeline.evaluate(Unknown Source)
at java.util.stream.ReferencePipeline.collect(Unknown Source)
at org.openqa.selenium.remote.RemoteWebDriver.executeScript(RemoteWebDriver.java:490)
at org.utilities.BaseClass1.javaScriptExecutorClickcall(BaseClass1.java:467)
at test.HomePageTest.Validate_navigating_from_Home_Page_from_Create_your_online_store_today_with_Shopify_page(HomePageTest.java:448)
at sun.reflect.NativeMethodAccessorImpl.invoke0(Native Method)
at sun.reflect.NativeMethodAccessorImpl.invoke(Unknown Source)
at sun.reflect.DelegatingMethodAccessorImpl.invoke(Unknown Source)
at java.lang.reflect.Method.invoke(Unknown Source)
at org.testng.internal.MethodInvocationHelper.invokeMethod(MethodInvocationHelper.java:133)
at org.testng.internal.TestInvoker.invokeMethod(TestInvoker.java:598)
at org.testng.internal.TestInvoker.retryFailed(TestInvoker.java:213)
at org.testng.internal.MethodRunner.runInSequence(MethodRunner.java:58)
at org.testng.internal.TestInvoker$MethodInvocationAgent.invoke(TestInvoker.java:824)
at org.testng.internal.TestInvoker.invokeTestMethods(TestInvoker.java:146)
at org.testng.internal.TestMethodWorker.invokeTestMethods(TestMethodWorker.java:146)
at org.testng.internal.TestMethodWorker.run(TestMethodWorker.java:128)
at java.util.ArrayList.forEach(Unknown Source)
at org.testng.TestRunner.privateRun(TestRunner.java:794)
at org.testng.TestRunner.run(TestRunner.java:596)
at org.testng.SuiteRunner.runTest(SuiteRunner.java:377)
at org.testng.SuiteRunner.runSequentially(SuiteRunner.java:371)
at org.testng.SuiteRunner.privateRun(SuiteRunner.java:332)
at org.testng.SuiteRunner.run(SuiteRunner.java:276)
at org.testng.SuiteRunnerWorker.runSuite(SuiteRunnerWorker.java:53)
at org.testng.SuiteRunnerWorker.run(SuiteRunnerWorker.java:96)
at org.testng.TestNG.runSuitesSequentially(TestNG.java:1212)
at org.testng.TestNG.runSuitesLocally(TestNG.java:1134)
at org.testng.TestNG.runSuites(TestNG.java:1063)
at org.testng.TestNG.run(TestNG.java:1031)
at org.testng.remote.AbstractRemoteTestNG.run(AbstractRemoteTestNG.java:115)
at org.testng.remote.RemoteTestNG.initAndRun(RemoteTestNG.java:251)
at org.testng.remote.RemoteTestNG.main(RemoteTestNG.java:77)
]]>
    </error>
  </testcase> <!-- Validate_navigating_from_Home_Page_from_Create_your_online_store_today_with_Shopify_page -->
  <system-out/>
  <testcase name="Validate_navigating_from_Home_Page_from_Create_your_online_store_today_with_Shopify_page" time="2.305" classname="test.HomePageTest">
    <skipped/>
  </testcase> <!-- Validate_navigating_from_Home_Page_from_Create_your_online_store_today_with_Shopify_page -->
  <system-out/>
  <testcase name="Validate_navigating_from_Home_Page_from_Create_your_online_store_today_with_Shopify_page" time="30.940" classname="test.HomePageTest">
    <skipped/>
  </testcase> <!-- Validate_navigating_from_Home_Page_from_Create_your_online_store_today_with_Shopify_page -->
  <system-out/>
</testsuite> <!-- test.HomePageTest -->
