<?xml version="1.0" encoding="UTF-8"?>
<!-- Generated by org.testng.reporters.JUnitReportReporter -->
<testsuite skipped="0" hostname="user" name="test.LoginTest" tests="4" failures="0" timestamp="2022-06-13T21:18:36 IST" time="47.189" errors="0">
  <testcase name="Invalid_userName_And_Valid_Password" time="22.148" classname="test.LoginTest"/>
  <system-out/>
  <testcase name="Valid_userName_And_Valid_Password" time="5.481" classname="test.LoginTest"/>
  <system-out/>
  <testcase name="valid_userName_And_InValid_Password" time="7.922" classname="test.LoginTest"/>
  <system-out/>
  <testcase name="Invalid_userName_And_InValid_Password" time="11.638" classname="test.LoginTest"/>
  <system-out/>
</testsuite> <!-- test.LoginTest -->
