<?xml version="1.0" encoding="UTF-8"?>
<!-- Generated by org.testng.reporters.JUnitReportReporter -->
<testsuite skipped="0" hostname="user" name="test.HomePageTest" tests="1" failures="0" timestamp="2022-06-29T15:50:02 IST" time="10.546" errors="0">
  <testcase name="Verify_in_Home_Page_lable_Quick_links" time="10.546" classname="test.HomePageTest"/>
  <system-out/>
</testsuite> <!-- test.HomePageTest -->
