<?xml version="1.0" encoding="UTF-8"?>
<!-- Generated by org.testng.reporters.JUnitReportReporter -->
<testsuite skipped="0" hostname="user" name="test.MYPRo" tests="9" failures="0" timestamp="2022-06-27T13:10:32 IST" time="139.602" errors="0">
  <testcase name="tc12" time="0.003" classname="test.MYPRo"/>
  <system-out/>
  <testcase name="Browsertest" time="53.409" classname="test.MYPRo"/>
  <system-out/>
  <testcase name="Browsertest" time="69.114" classname="test.MYPRo"/>
  <system-out/>
  <testcase name="Browsertest" time="17.059" classname="test.MYPRo"/>
  <system-out/>
  <testcase name="tc12" time="0.001" classname="test.MYPRo"/>
  <system-out/>
  <testcase name="tc11" time="0.002" classname="test.MYPRo"/>
  <system-out/>
  <testcase name="tc11" time="0.005" classname="test.MYPRo"/>
  <system-out/>
  <testcase name="tc12" time="0.006" classname="test.MYPRo"/>
  <system-out/>
  <testcase name="tc11" time="0.003" classname="test.MYPRo"/>
  <system-out/>
</testsuite> <!-- test.MYPRo -->
