<?xml version="1.0" encoding="UTF-8"?>
<!-- Generated by org.testng.reporters.JUnitReportReporter -->
<testsuite skipped="0" hostname="user" name="test.CreateTest" tests="6" failures="0" timestamp="2022-06-13T21:59:49 IST" time="77.846" errors="0">
  <testcase name="invalid_FName_INValid_LName_InValid_Email_INValid_Password" time="12.976" classname="test.CreateTest"/>
  <system-out/>
  <testcase name="valid_FName_InValid_LName_Valid_Email_Valid_Password" time="12.225" classname="test.CreateTest"/>
  <system-out/>
  <testcase name="valid_FName_Valid_LName_Valid_Email_InValid_Password" time="15.270" classname="test.CreateTest"/>
  <system-out/>
  <testcase name="valid_FName_Valid_LName_Valid_Email_Valid_Password" time="6.996" classname="test.CreateTest"/>
  <system-out/>
  <testcase name="Invalid_FName_Valid_LName_Valid_Email_Valid_Password" time="22.227" classname="test.CreateTest"/>
  <system-out/>
  <testcase name="valid_FName_Valid_LName_InValid_Email_Valid_Password" time="8.152" classname="test.CreateTest"/>
  <system-out/>
</testsuite> <!-- test.CreateTest -->
